     1                                  section .data
     2 00000000 0200000000000000        	x dd 2,0
     3 00000008 2564000000000000        	msg dd "%d",0
     4 00000010 25660000000000000A-     	op dq "%f",10,0
     4 00000019 000000000000000000-
     4 00000022 000000000000       
     5                                  	
     6                                  section .bss
     7 00000000 <res 00000004>          	n resd 1
     8 00000004 <res 00000004>          	sqr resd 1
     9 00000008 <res 00000004>          	fact resd 1
    10 0000000C <res 00000008>          	sum resq 1
    11                                  	
    12                                  section .text
    13                                  	global main
    14                                  	extern scanf,printf
    15                                  main:
    16 00000000 D9EE                    	fldz
    17 00000002 DD1D[0C000000]          	fstp qword[sum]
    18 00000008 68[00000000]            	push n
    19 0000000D 68[08000000]            	push msg
    20 00000012 E8(00000000)            	call scanf
    21 00000017 83C408                  	add esp,8
    22 0000001A 31FF                    	xor edi,edi
    23 0000001C 8B3D[00000000]          	mov edi,dword[n]
    24 00000022 31C0                    pqr:	xor eax,eax
    25 00000024 A1[00000000]            	mov eax,dword[x]
    26 00000029 A3[04000000]            	mov dword[sqr],eax
    27 0000002E 89F9                    	mov ecx,edi
    28 00000030 B801000000              	mov eax,1
    29 00000035 31D2                    abc:	xor edx,edx
    30 00000037 F7E1                    	mul ecx
    31 00000039 E2FA                    	loop abc
    32                                  	
    33 0000003B A3[08000000]            	mov dword[fact],eax
    34 00000040 DB05[08000000]          	fild dword[fact]
    35 00000046 DB05[04000000]          	fild dword[sqr]
    36 0000004C D8F1                    	fdiv st1
    37 0000004E DC05[0C000000]          	fadd qword[sum]
    38 00000054 DD1D[0C000000]          	fstp qword[sum]
    39 0000005A 4F                      	dec edi
    40 0000005B 83FF00                  	cmp edi,0
    41 0000005E 75C2                    	jnz pqr
    42                                  	
    43 00000060 DD05[0C000000]          	fld qword[sum]
    44 00000066 83EC08                  	sub esp,8
    45 00000069 DD1C24                  	fstp qword[esp]
    46 0000006C 68[10000000]            	push op
    47 00000071 E8(00000000)            	call printf
    48 00000076 83C40C                  	add esp,12
