     1                                  	section .data
     2 00000000 09                      	a db 9
     3                                  	section .text
     4                                  	global main
     5                                  	
     6                                  main:
     7 00000000 83C000                  add eax,000
     8 00000003 83C101                  add ecx,001
     9 00000006 83C20A                  add edx,010
    10 00000009 83C30B                  add ebx,011
    11 0000000C 83C464                  add esp,100
    12 0000000F 83C565                  add ebp,101
    13 00000012 83C66E                  add esi,110
    14 00000015 83C76F                  add edi,111
    15                                  	 
    16 00000018 010D[00000000]          add dword[a],ecx
    17                                  
    18 0000001E 01C8                    add eax,ecx
    19 00000020 01C9                    add ecx,ecx
    20 00000022 01CA                    add edx,ecx
    21 00000024 01CB                    add ebx,ecx
    22 00000026 01CC                    add esp,ecx
    23 00000028 01CD                    add ebp,ecx
    24 0000002A 01CE                    add esi,ecx
    25 0000002C 01CF                    add edi,ecx
    26                                  
    27                                  
    28 0000002E 83C068                  add eax,104
    29 00000031 83C168                  add ecx,104
    30 00000034 83C268                  add edx,104
    31 00000037 83C368                  add ebx,104
    32 0000003A 83C468                  add esp,104
    33 0000003D 83C568                  add ebp,104
    34 00000040 83C668                  add esi,104
    35 00000043 83C768                  add edi,104
    36                                  
    37 00000046 0305[00000000]          add eax,dword[a]
    38 0000004C 030D[00000000]          add ecx,dword[a]
    39 00000052 0315[00000000]          add edx,dword[a]
    40 00000058 031D[00000000]          add ebx,dword[a]
    41 0000005E 0325[00000000]          add esp,dword[a]
    42 00000064 032D[00000000]          add ebp,dword[a]
    43 0000006A 0335[00000000]          add esi,dword[a]
    44 00000070 033D[00000000]          add edi,dword[a]
    45                                  
    46 00000076 8305[00000000]0A        add dword[a],10
    47 0000007D 010D[00000000]          add dword[a],ecx
    48 00000083 0115[00000000]          add dword[a],edx
    49 00000089 011D[00000000]          add dword[a],ebx
    50 0000008F 0125[00000000]          add dword[a],esp
    51 00000095 012D[00000000]          add dword[a],ebp
    52 0000009B 0135[00000000]          add dword[a],esi
    53 000000A1 013D[00000000]          add dword[a],edi
    54                                  
    55 000000A7 030458                  add eax,dword[eax+ebx*2]
    56 000000AA 030C59                  add ecx,dword[ecx+ebx*2]
    57 000000AD 03145A                  add edx,dword[edx+ebx*2]
    58 000000B0 031C5B                  add ebx,dword[ebx+ebx*2]
    59 000000B3 03245C                  add esp,dword[esp+ebx*2]
    60 000000B6 036C5D00                add ebp,dword[ebp+ebx*2]
    61 000000BA 03345E                  add esi,dword[esi+ebx*2]
    62 000000BD 033C5F                  add edi,dword[edi+ebx*2]
