     1                                  	section .data
     2 00000000 09                      	a db 9
     3                                  	section .text
     4                                  	global main
     5                                  	
     6                                  main:
     7 00000000 29C8                    sub eax,ecx
     8 00000002 29C9                    sub ecx,ecx
     9 00000004 29CA                    sub edx,ecx
    10 00000006 29CB                    sub ebx,ecx
    11 00000008 29CC                    sub esp,ecx
    12 0000000A 29CD                    sub ebp,ecx
    13 0000000C 29CE                    sub esi,ecx
    14 0000000E 29CF                    sub edi,ecx
    15                                  
    16 00000010 83E800                  sub eax,000
    17 00000013 83E901                  sub ecx,001
    18 00000016 83EA0A                  sub edx,010
    19 00000019 83EB0B                  sub ebx,011
    20 0000001C 83EC64                  sub esp,100
    21 0000001F 83ED65                  sub ebp,101
    22 00000022 83EE6E                  sub esi,110
    23 00000025 83EF6F                  sub edi,111
    24                                  
    25 00000028 83E868                  sub eax,104
    26 0000002B 83E968                  sub ecx,104
    27 0000002E 83EA68                  sub edx,104
    28 00000031 83EB68                  sub ebx,104
    29 00000034 83EC68                  sub esp,104
    30 00000037 83ED68                  sub ebp,104
    31 0000003A 83EE68                  sub esi,104
    32 0000003D 83EF68                  sub edi,104
    33                                  	 
    34 00000040 2B05[00000000]          sub eax,dword[a]
    35 00000046 2B0D[00000000]          sub ecx,dword[a]
    36 0000004C 2B15[00000000]          sub edx,dword[a]
    37 00000052 2B1D[00000000]          sub ebx,dword[a]
    38 00000058 2B25[00000000]          sub esp,dword[a]
    39 0000005E 2B2D[00000000]          sub ebp,dword[a]
    40 00000064 2B35[00000000]          sub esi,dword[a]
    41 0000006A 2B3D[00000000]          sub edi,dword[a]
    42                                  
    43 00000070 2905[00000000]          sub dword[a],eax
    44 00000076 290D[00000000]          sub dword[a],ecx
    45 0000007C 2915[00000000]          sub dword[a],edx
    46 00000082 291D[00000000]          sub dword[a],ebx
    47 00000088 2925[00000000]          sub dword[a],esp
    48 0000008E 292D[00000000]          sub dword[a],ebp
    49 00000094 2935[00000000]          sub dword[a],esi
    50 0000009A 293D[00000000]          sub dword[a],edi
    51                                  
    52 000000A0 2B0458                  sub eax,dword[eax+ebx*2]
    53 000000A3 2B0C59                  sub ecx,dword[ecx+ebx*2]
    54 000000A6 2B145A                  sub edx,dword[edx+ebx*2]
    55 000000A9 2B1C5B                  sub ebx,dword[ebx+ebx*2]
    56 000000AC 2B245C                  sub esp,dword[esp+ebx*2]
    57 000000AF 2B6C5D00                sub ebp,dword[ebp+ebx*2]
    58 000000B3 2B345E                  sub esi,dword[esi+ebx*2]
    59 000000B6 2B3C5F                  sub edi,dword[edi+ebx*2]
    60                                  
    61 000000B9 832D[00000000]0A        sub dword[a],10
